I, [2014-10-09T14:27:30.654428 #5743]  INFO -- : Started GET "/" for 127.0.0.1 at 2014-10-09 14:27:30 -0400
I, [2014-10-09T14:27:30.659728 #5743]  INFO -- : Processing by StaticPagesController#home as HTML
I, [2014-10-09T14:27:30.668678 #5743]  INFO -- :   Rendered static_pages/home.html.erb within layouts/application (0.6ms)
I, [2014-10-09T14:27:30.670331 #5743]  INFO -- :   Rendered layouts/_shim.html.erb (0.2ms)
E, [2014-10-09T14:27:30.673105 #5743] ERROR -- : SQLite3::SQLException: no such table: users: SELECT  "users".* FROM "users"  WHERE "users"."id" IS NULL LIMIT 1
I, [2014-10-09T14:27:30.673712 #5743]  INFO -- :   Rendered layouts/_header.html.erb (2.9ms)
I, [2014-10-09T14:27:30.673821 #5743]  INFO -- : Completed 500 Internal Server Error in 14ms
F, [2014-10-09T14:27:30.675591 #5743] FATAL -- : 
ActionView::Template::Error (SQLite3::SQLException: no such table: users: SELECT  "users".* FROM "users"  WHERE "users"."id" IS NULL LIMIT 1):
     5:       <ul>
     6:         <li><%= link_to "Home",   root_path %></li>
     7:         <li><%= link_to "Help",   help_path %></li>
     8:         <% if logged_in? %>
     9: <!--          <li><%= link_to "Users", '#' %></li> -->
    10:           <li><%= link_to "Profile", current_user %></li>
    11:           <li><%= link_to "Settings", edit_user_path(current_user) %></li>
  app/helpers/sessions_helper.rb:7:in `current_user'
  app/helpers/sessions_helper.rb:11:in `logged_in?'
  app/views/layouts/_header.html.erb:8:in `_app_views_layouts__header_html_erb___1070750608242315323_70332040702560'
  app/views/layouts/application.html.erb:12:in `_app_views_layouts_application_html_erb__3115593824296225790_70332040641860'


I, [2014-10-09T14:27:33.231406 #5743]  INFO -- : Started GET "/" for 127.0.0.1 at 2014-10-09 14:27:33 -0400
I, [2014-10-09T14:27:33.232197 #5743]  INFO -- : Processing by StaticPagesController#home as HTML
I, [2014-10-09T14:27:33.233001 #5743]  INFO -- :   Rendered static_pages/home.html.erb within layouts/application (0.2ms)
I, [2014-10-09T14:27:33.233561 #5743]  INFO -- :   Rendered layouts/_shim.html.erb (0.0ms)
E, [2014-10-09T14:27:33.234362 #5743] ERROR -- : SQLite3::SQLException: no such table: users: SELECT  "users".* FROM "users"  WHERE "users"."id" IS NULL LIMIT 1
I, [2014-10-09T14:27:33.234912 #5743]  INFO -- :   Rendered layouts/_header.html.erb (1.2ms)
I, [2014-10-09T14:27:33.234994 #5743]  INFO -- : Completed 500 Internal Server Error in 3ms
F, [2014-10-09T14:27:33.236759 #5743] FATAL -- : 
ActionView::Template::Error (SQLite3::SQLException: no such table: users: SELECT  "users".* FROM "users"  WHERE "users"."id" IS NULL LIMIT 1):
     5:       <ul>
     6:         <li><%= link_to "Home",   root_path %></li>
     7:         <li><%= link_to "Help",   help_path %></li>
     8:         <% if logged_in? %>
     9: <!--          <li><%= link_to "Users", '#' %></li> -->
    10:           <li><%= link_to "Profile", current_user %></li>
    11:           <li><%= link_to "Settings", edit_user_path(current_user) %></li>
  app/helpers/sessions_helper.rb:7:in `current_user'
  app/helpers/sessions_helper.rb:11:in `logged_in?'
  app/views/layouts/_header.html.erb:8:in `_app_views_layouts__header_html_erb___1070750608242315323_70332040702560'
  app/views/layouts/application.html.erb:12:in `_app_views_layouts_application_html_erb__3115593824296225790_70332040641860'


I, [2014-10-09T14:32:30.529000 #5755]  INFO -- : Started GET "/" for 127.0.0.1 at 2014-10-09 14:32:30 -0400
I, [2014-10-09T14:32:30.534045 #5755]  INFO -- : Processing by StaticPagesController#home as HTML
I, [2014-10-09T14:32:30.542040 #5755]  INFO -- :   Rendered static_pages/home.html.erb within layouts/application (0.6ms)
I, [2014-10-09T14:32:30.543748 #5755]  INFO -- :   Rendered layouts/_shim.html.erb (0.2ms)
E, [2014-10-09T14:32:30.546471 #5755] ERROR -- : SQLite3::SQLException: no such table: users: SELECT  "users".* FROM "users"  WHERE "users"."id" IS NULL LIMIT 1
I, [2014-10-09T14:32:30.547215 #5755]  INFO -- :   Rendered layouts/_header.html.erb (3.0ms)
I, [2014-10-09T14:32:30.547326 #5755]  INFO -- : Completed 500 Internal Server Error in 13ms
F, [2014-10-09T14:32:30.549346 #5755] FATAL -- : 
ActionView::Template::Error (SQLite3::SQLException: no such table: users: SELECT  "users".* FROM "users"  WHERE "users"."id" IS NULL LIMIT 1):
     5:       <ul>
     6:         <li><%= link_to "Home",   root_path %></li>
     7:         <li><%= link_to "Help",   help_path %></li>
     8:         <% if logged_in? %>
     9: <!--          <li><%= link_to "Users", '#' %></li> -->
    10:           <li><%= link_to "Profile", current_user %></li>
    11:           <li><%= link_to "Settings", edit_user_path(current_user) %></li>
  app/helpers/sessions_helper.rb:7:in `current_user'
  app/helpers/sessions_helper.rb:11:in `logged_in?'
  app/views/layouts/_header.html.erb:8:in `_app_views_layouts__header_html_erb___893408046784898302_70263013698060'
  app/views/layouts/application.html.erb:12:in `_app_views_layouts_application_html_erb__531606197571870221_70263013637360'


I, [2014-10-16T15:47:31.636267 #2031]  INFO -- : Started GET "/" for 127.0.0.1 at 2014-10-16 15:47:31 -0400
I, [2014-10-16T15:47:31.685675 #2031]  INFO -- : Processing by StaticPagesController#home as HTML
I, [2014-10-16T15:47:31.696497 #2031]  INFO -- :   Rendered static_pages/home.html.erb within layouts/application (0.6ms)
I, [2014-10-16T15:47:31.698158 #2031]  INFO -- :   Rendered layouts/_shim.html.erb (0.2ms)
E, [2014-10-16T15:47:31.700889 #2031] ERROR -- : SQLite3::SQLException: no such table: users: SELECT  "users".* FROM "users"  WHERE "users"."id" IS NULL LIMIT 1
I, [2014-10-16T15:47:31.701473 #2031]  INFO -- :   Rendered layouts/_header.html.erb (2.9ms)
I, [2014-10-16T15:47:31.701584 #2031]  INFO -- : Completed 500 Internal Server Error in 15ms
F, [2014-10-16T15:47:31.703261 #2031] FATAL -- : 
ActionView::Template::Error (SQLite3::SQLException: no such table: users: SELECT  "users".* FROM "users"  WHERE "users"."id" IS NULL LIMIT 1):
     5:       <ul>
     6:         <li><%= link_to "Home",   root_path %></li>
     7:         <li><%= link_to "Help",   help_path %></li>
     8:         <% if logged_in? %>
     9: <!--          <li><%= link_to "Users", '#' %></li> -->
    10:           <li><%= link_to "Profile", current_user %></li>
    11:           <li><%= link_to "Settings", edit_user_path(current_user) %></li>
  app/helpers/sessions_helper.rb:7:in `current_user'
  app/helpers/sessions_helper.rb:11:in `logged_in?'
  app/views/layouts/_header.html.erb:8:in `_app_views_layouts__header_html_erb__2060247236834204170_70363795474800'
  app/views/layouts/application.html.erb:12:in `_app_views_layouts_application_html_erb__1456306785761454060_70363795414100'


I, [2014-10-16T15:47:33.710815 #2031]  INFO -- : Started GET "/" for 127.0.0.1 at 2014-10-16 15:47:33 -0400
I, [2014-10-16T15:47:33.711603 #2031]  INFO -- : Processing by StaticPagesController#home as HTML
I, [2014-10-16T15:47:33.712360 #2031]  INFO -- :   Rendered static_pages/home.html.erb within layouts/application (0.2ms)
I, [2014-10-16T15:47:33.712918 #2031]  INFO -- :   Rendered layouts/_shim.html.erb (0.0ms)
E, [2014-10-16T15:47:33.713731 #2031] ERROR -- : SQLite3::SQLException: no such table: users: SELECT  "users".* FROM "users"  WHERE "users"."id" IS NULL LIMIT 1
I, [2014-10-16T15:47:33.714275 #2031]  INFO -- :   Rendered layouts/_header.html.erb (1.3ms)
I, [2014-10-16T15:47:33.714356 #2031]  INFO -- : Completed 500 Internal Server Error in 3ms
F, [2014-10-16T15:47:33.717283 #2031] FATAL -- : 
ActionView::Template::Error (SQLite3::SQLException: no such table: users: SELECT  "users".* FROM "users"  WHERE "users"."id" IS NULL LIMIT 1):
     5:       <ul>
     6:         <li><%= link_to "Home",   root_path %></li>
     7:         <li><%= link_to "Help",   help_path %></li>
     8:         <% if logged_in? %>
     9: <!--          <li><%= link_to "Users", '#' %></li> -->
    10:           <li><%= link_to "Profile", current_user %></li>
    11:           <li><%= link_to "Settings", edit_user_path(current_user) %></li>
  app/helpers/sessions_helper.rb:7:in `current_user'
  app/helpers/sessions_helper.rb:11:in `logged_in?'
  app/views/layouts/_header.html.erb:8:in `_app_views_layouts__header_html_erb__2060247236834204170_70363795474800'
  app/views/layouts/application.html.erb:12:in `_app_views_layouts_application_html_erb__1456306785761454060_70363795414100'


I, [2014-10-16T15:48:28.217731 #2047]  INFO -- : Migrating to CreateUsers (20141004152400)
I, [2014-10-16T15:48:28.238212 #2047]  INFO -- : Migrating to AddIndexToUsersEmail (20141004162008)
I, [2014-10-16T15:48:28.240952 #2047]  INFO -- : Migrating to AddPasswordDigestToUsers (20141004162558)
I, [2014-10-16T15:48:47.721554 #2050]  INFO -- : Started GET "/" for 127.0.0.1 at 2014-10-16 15:48:47 -0400
I, [2014-10-16T15:48:47.726824 #2050]  INFO -- : Processing by StaticPagesController#home as HTML
I, [2014-10-16T15:48:47.735918 #2050]  INFO -- :   Rendered static_pages/home.html.erb within layouts/application (0.7ms)
I, [2014-10-16T15:48:47.737690 #2050]  INFO -- :   Rendered layouts/_shim.html.erb (0.3ms)
I, [2014-10-16T15:48:47.740626 #2050]  INFO -- :   Rendered layouts/_header.html.erb (2.5ms)
I, [2014-10-16T15:48:47.741741 #2050]  INFO -- :   Rendered layouts/_footer.html.erb (0.5ms)
I, [2014-10-16T15:48:47.741989 #2050]  INFO -- : Completed 200 OK in 15ms (Views: 7.8ms | ActiveRecord: 0.4ms)
I, [2014-10-16T15:48:47.755919 #2050]  INFO -- : Started GET "/stylesheets/application.css" for 127.0.0.1 at 2014-10-16 15:48:47 -0400
F, [2014-10-16T15:48:47.757259 #2050] FATAL -- : 
ActionController::RoutingError (No route matches [GET] "/stylesheets/application.css"):
  actionpack (4.1.6) lib/action_dispatch/middleware/debug_exceptions.rb:21:in `call'
  actionpack (4.1.6) lib/action_dispatch/middleware/show_exceptions.rb:30:in `call'
  railties (4.1.6) lib/rails/rack/logger.rb:38:in `call_app'
  railties (4.1.6) lib/rails/rack/logger.rb:20:in `block in call'
  activesupport (4.1.6) lib/active_support/tagged_logging.rb:68:in `block in tagged'
  activesupport (4.1.6) lib/active_support/tagged_logging.rb:26:in `tagged'
  activesupport (4.1.6) lib/active_support/tagged_logging.rb:68:in `tagged'
  railties (4.1.6) lib/rails/rack/logger.rb:20:in `call'
  actionpack (4.1.6) lib/action_dispatch/middleware/request_id.rb:21:in `call'
  rack (1.5.2) lib/rack/methodoverride.rb:21:in `call'
  rack (1.5.2) lib/rack/runtime.rb:17:in `call'
  activesupport (4.1.6) lib/active_support/cache/strategy/local_cache_middleware.rb:26:in `call'
  rack (1.5.2) lib/rack/sendfile.rb:112:in `call'
  railties (4.1.6) lib/rails/engine.rb:514:in `call'
  railties (4.1.6) lib/rails/application.rb:144:in `call'
  rack (1.5.2) lib/rack/lock.rb:17:in `call'
  rack (1.5.2) lib/rack/content_length.rb:14:in `call'
  rack (1.5.2) lib/rack/handler/webrick.rb:60:in `service'
  /Users/laurabochenek/.rvm/rubies/ruby-2.1.3/lib/ruby/2.1.0/webrick/httpserver.rb:138:in `service'
  /Users/laurabochenek/.rvm/rubies/ruby-2.1.3/lib/ruby/2.1.0/webrick/httpserver.rb:94:in `run'
  /Users/laurabochenek/.rvm/rubies/ruby-2.1.3/lib/ruby/2.1.0/webrick/server.rb:295:in `block in start_thread'


I, [2014-10-16T15:48:47.759608 #2050]  INFO -- : Started GET "/javascripts/application.js" for 127.0.0.1 at 2014-10-16 15:48:47 -0400
F, [2014-10-16T15:48:47.761488 #2050] FATAL -- : 
ActionController::RoutingError (No route matches [GET] "/javascripts/application.js"):
  actionpack (4.1.6) lib/action_dispatch/middleware/debug_exceptions.rb:21:in `call'
  actionpack (4.1.6) lib/action_dispatch/middleware/show_exceptions.rb:30:in `call'
  railties (4.1.6) lib/rails/rack/logger.rb:38:in `call_app'
  railties (4.1.6) lib/rails/rack/logger.rb:20:in `block in call'
  activesupport (4.1.6) lib/active_support/tagged_logging.rb:68:in `block in tagged'
  activesupport (4.1.6) lib/active_support/tagged_logging.rb:26:in `tagged'
  activesupport (4.1.6) lib/active_support/tagged_logging.rb:68:in `tagged'
  railties (4.1.6) lib/rails/rack/logger.rb:20:in `call'
  actionpack (4.1.6) lib/action_dispatch/middleware/request_id.rb:21:in `call'
  rack (1.5.2) lib/rack/methodoverride.rb:21:in `call'
  rack (1.5.2) lib/rack/runtime.rb:17:in `call'
  activesupport (4.1.6) lib/active_support/cache/strategy/local_cache_middleware.rb:26:in `call'
  rack (1.5.2) lib/rack/sendfile.rb:112:in `call'
  railties (4.1.6) lib/rails/engine.rb:514:in `call'
  railties (4.1.6) lib/rails/application.rb:144:in `call'
  rack (1.5.2) lib/rack/lock.rb:17:in `call'
  rack (1.5.2) lib/rack/content_length.rb:14:in `call'
  rack (1.5.2) lib/rack/handler/webrick.rb:60:in `service'
  /Users/laurabochenek/.rvm/rubies/ruby-2.1.3/lib/ruby/2.1.0/webrick/httpserver.rb:138:in `service'
  /Users/laurabochenek/.rvm/rubies/ruby-2.1.3/lib/ruby/2.1.0/webrick/httpserver.rb:94:in `run'
  /Users/laurabochenek/.rvm/rubies/ruby-2.1.3/lib/ruby/2.1.0/webrick/server.rb:295:in `block in start_thread'


